<?xml version="1.0" ?>
<coverage version="7.10.7" timestamp="1768246273960" lines-valid="1143" lines-covered="43" line-rate="0.03762" branches-covered="0" branches-valid="0" branch-rate="0" complexity="0">
	<!-- Generated by coverage.py: https://coverage.readthedocs.io/en/7.10.7 -->
	<!-- Based on https://raw.githubusercontent.com/cobertura/web/master/htdocs/xml/coverage-04.dtd -->
	<sources>
		<source>/home/iwe7/antibody_search/src</source>
	</sources>
	<packages>
		<package name="." line-rate="0.03762" branch-rate="0" complexity="0">
			<classes>
				<class name="search_engine.py" filename="search_engine.py" complexity="0" line-rate="0.03762" branch-rate="0">
					<methods/>
					<lines>
						<line number="8" hits="1"/>
						<line number="9" hits="1"/>
						<line number="10" hits="1"/>
						<line number="11" hits="1"/>
						<line number="12" hits="1"/>
						<line number="13" hits="1"/>
						<line number="15" hits="1"/>
						<line number="16" hits="1"/>
						<line number="18" hits="1"/>
						<line number="22" hits="1"/>
						<line number="26" hits="1"/>
						<line number="34" hits="0"/>
						<line number="35" hits="0"/>
						<line number="37" hits="1"/>
						<line number="42" hits="1"/>
						<line number="56" hits="0"/>
						<line number="57" hits="0"/>
						<line number="59" hits="0"/>
						<line number="61" hits="0"/>
						<line number="62" hits="0"/>
						<line number="67" hits="0"/>
						<line number="70" hits="0"/>
						<line number="72" hits="0"/>
						<line number="73" hits="0"/>
						<line number="75" hits="0"/>
						<line number="76" hits="0"/>
						<line number="79" hits="0"/>
						<line number="80" hits="0"/>
						<line number="81" hits="0"/>
						<line number="82" hits="0"/>
						<line number="83" hits="0"/>
						<line number="84" hits="0"/>
						<line number="85" hits="0"/>
						<line number="86" hits="0"/>
						<line number="87" hits="0"/>
						<line number="88" hits="0"/>
						<line number="90" hits="0"/>
						<line number="91" hits="0"/>
						<line number="92" hits="0"/>
						<line number="93" hits="0"/>
						<line number="94" hits="0"/>
						<line number="95" hits="0"/>
						<line number="98" hits="0"/>
						<line number="102" hits="0"/>
						<line number="103" hits="0"/>
						<line number="104" hits="0"/>
						<line number="110" hits="0"/>
						<line number="111" hits="0"/>
						<line number="114" hits="0"/>
						<line number="115" hits="0"/>
						<line number="116" hits="0"/>
						<line number="117" hits="0"/>
						<line number="120" hits="0"/>
						<line number="121" hits="0"/>
						<line number="122" hits="0"/>
						<line number="125" hits="0"/>
						<line number="128" hits="0"/>
						<line number="130" hits="1"/>
						<line number="148" hits="0"/>
						<line number="150" hits="0"/>
						<line number="151" hits="0"/>
						<line number="152" hits="0"/>
						<line number="154" hits="0"/>
						<line number="155" hits="0"/>
						<line number="159" hits="0"/>
						<line number="160" hits="0"/>
						<line number="161" hits="0"/>
						<line number="164" hits="0"/>
						<line number="165" hits="0"/>
						<line number="167" hits="0"/>
						<line number="168" hits="0"/>
						<line number="170" hits="0"/>
						<line number="173" hits="0"/>
						<line number="174" hits="0"/>
						<line number="176" hits="0"/>
						<line number="177" hits="0"/>
						<line number="178" hits="0"/>
						<line number="179" hits="0"/>
						<line number="180" hits="0"/>
						<line number="181" hits="0"/>
						<line number="182" hits="0"/>
						<line number="183" hits="0"/>
						<line number="184" hits="0"/>
						<line number="186" hits="0"/>
						<line number="187" hits="0"/>
						<line number="190" hits="0"/>
						<line number="191" hits="0"/>
						<line number="192" hits="0"/>
						<line number="193" hits="0"/>
						<line number="194" hits="0"/>
						<line number="195" hits="0"/>
						<line number="196" hits="0"/>
						<line number="197" hits="0"/>
						<line number="198" hits="0"/>
						<line number="199" hits="0"/>
						<line number="201" hits="0"/>
						<line number="202" hits="0"/>
						<line number="204" hits="0"/>
						<line number="213" hits="0"/>
						<line number="214" hits="0"/>
						<line number="216" hits="1"/>
						<line number="218" hits="0"/>
						<line number="219" hits="0"/>
						<line number="222" hits="0"/>
						<line number="223" hits="0"/>
						<line number="224" hits="0"/>
						<line number="226" hits="0"/>
						<line number="227" hits="0"/>
						<line number="230" hits="0"/>
						<line number="233" hits="0"/>
						<line number="234" hits="0"/>
						<line number="235" hits="0"/>
						<line number="236" hits="0"/>
						<line number="237" hits="0"/>
						<line number="238" hits="0"/>
						<line number="239" hits="0"/>
						<line number="240" hits="0"/>
						<line number="241" hits="0"/>
						<line number="242" hits="0"/>
						<line number="243" hits="0"/>
						<line number="244" hits="0"/>
						<line number="245" hits="0"/>
						<line number="246" hits="0"/>
						<line number="248" hits="0"/>
						<line number="249" hits="0"/>
						<line number="250" hits="0"/>
						<line number="252" hits="0"/>
						<line number="253" hits="0"/>
						<line number="255" hits="0"/>
						<line number="256" hits="0"/>
						<line number="260" hits="0"/>
						<line number="261" hits="0"/>
						<line number="263" hits="0"/>
						<line number="264" hits="0"/>
						<line number="267" hits="0"/>
						<line number="275" hits="0"/>
						<line number="276" hits="0"/>
						<line number="277" hits="0"/>
						<line number="279" hits="0"/>
						<line number="280" hits="0"/>
						<line number="284" hits="0"/>
						<line number="286" hits="0"/>
						<line number="287" hits="0"/>
						<line number="289" hits="0"/>
						<line number="292" hits="0"/>
						<line number="293" hits="0"/>
						<line number="295" hits="0"/>
						<line number="296" hits="0"/>
						<line number="297" hits="0"/>
						<line number="298" hits="0"/>
						<line number="300" hits="0"/>
						<line number="302" hits="0"/>
						<line number="303" hits="0"/>
						<line number="314" hits="0"/>
						<line number="322" hits="0"/>
						<line number="323" hits="0"/>
						<line number="324" hits="0"/>
						<line number="325" hits="0"/>
						<line number="326" hits="0"/>
						<line number="328" hits="0"/>
						<line number="329" hits="0"/>
						<line number="330" hits="0"/>
						<line number="332" hits="0"/>
						<line number="334" hits="0"/>
						<line number="335" hits="0"/>
						<line number="337" hits="0"/>
						<line number="342" hits="0"/>
						<line number="343" hits="0"/>
						<line number="346" hits="0"/>
						<line number="349" hits="0"/>
						<line number="350" hits="0"/>
						<line number="351" hits="0"/>
						<line number="352" hits="0"/>
						<line number="353" hits="0"/>
						<line number="354" hits="0"/>
						<line number="355" hits="0"/>
						<line number="356" hits="0"/>
						<line number="357" hits="0"/>
						<line number="363" hits="0"/>
						<line number="369" hits="0"/>
						<line number="371" hits="0"/>
						<line number="372" hits="0"/>
						<line number="374" hits="0"/>
						<line number="375" hits="0"/>
						<line number="377" hits="0"/>
						<line number="378" hits="0"/>
						<line number="379" hits="0"/>
						<line number="381" hits="1"/>
						<line number="383" hits="0"/>
						<line number="384" hits="0"/>
						<line number="385" hits="0"/>
						<line number="390" hits="1"/>
						<line number="400" hits="0"/>
						<line number="401" hits="0"/>
						<line number="402" hits="0"/>
						<line number="405" hits="0"/>
						<line number="407" hits="0"/>
						<line number="409" hits="0"/>
						<line number="410" hits="0"/>
						<line number="411" hits="0"/>
						<line number="412" hits="0"/>
						<line number="413" hits="0"/>
						<line number="416" hits="0"/>
						<line number="417" hits="0"/>
						<line number="418" hits="0"/>
						<line number="419" hits="0"/>
						<line number="420" hits="0"/>
						<line number="421" hits="0"/>
						<line number="422" hits="0"/>
						<line number="425" hits="0"/>
						<line number="426" hits="0"/>
						<line number="427" hits="0"/>
						<line number="428" hits="0"/>
						<line number="429" hits="0"/>
						<line number="430" hits="0"/>
						<line number="431" hits="0"/>
						<line number="434" hits="0"/>
						<line number="435" hits="0"/>
						<line number="437" hits="0"/>
						<line number="439" hits="0"/>
						<line number="440" hits="0"/>
						<line number="441" hits="0"/>
						<line number="442" hits="0"/>
						<line number="444" hits="0"/>
						<line number="445" hits="0"/>
						<line number="446" hits="0"/>
						<line number="447" hits="0"/>
						<line number="449" hits="0"/>
						<line number="450" hits="0"/>
						<line number="451" hits="0"/>
						<line number="452" hits="0"/>
						<line number="454" hits="0"/>
						<line number="455" hits="0"/>
						<line number="456" hits="0"/>
						<line number="458" hits="0"/>
						<line number="459" hits="0"/>
						<line number="460" hits="0"/>
						<line number="461" hits="0"/>
						<line number="462" hits="0"/>
						<line number="463" hits="0"/>
						<line number="465" hits="0"/>
						<line number="466" hits="0"/>
						<line number="468" hits="0"/>
						<line number="469" hits="0"/>
						<line number="470" hits="0"/>
						<line number="471" hits="0"/>
						<line number="475" hits="0"/>
						<line number="476" hits="0"/>
						<line number="477" hits="0"/>
						<line number="480" hits="0"/>
						<line number="481" hits="0"/>
						<line number="483" hits="0"/>
						<line number="485" hits="0"/>
						<line number="486" hits="0"/>
						<line number="487" hits="0"/>
						<line number="488" hits="0"/>
						<line number="490" hits="0"/>
						<line number="491" hits="0"/>
						<line number="492" hits="0"/>
						<line number="493" hits="0"/>
						<line number="495" hits="0"/>
						<line number="496" hits="0"/>
						<line number="497" hits="0"/>
						<line number="498" hits="0"/>
						<line number="500" hits="0"/>
						<line number="501" hits="0"/>
						<line number="502" hits="0"/>
						<line number="504" hits="0"/>
						<line number="505" hits="0"/>
						<line number="506" hits="0"/>
						<line number="507" hits="0"/>
						<line number="508" hits="0"/>
						<line number="509" hits="0"/>
						<line number="511" hits="0"/>
						<line number="512" hits="0"/>
						<line number="514" hits="0"/>
						<line number="515" hits="0"/>
						<line number="516" hits="0"/>
						<line number="517" hits="0"/>
						<line number="521" hits="0"/>
						<line number="522" hits="0"/>
						<line number="523" hits="0"/>
						<line number="525" hits="0"/>
						<line number="527" hits="1"/>
						<line number="530" hits="0"/>
						<line number="531" hits="0"/>
						<line number="532" hits="0"/>
						<line number="533" hits="0"/>
						<line number="536" hits="0"/>
						<line number="537" hits="0"/>
						<line number="538" hits="0"/>
						<line number="539" hits="0"/>
						<line number="540" hits="0"/>
						<line number="541" hits="0"/>
						<line number="543" hits="0"/>
						<line number="544" hits="0"/>
						<line number="545" hits="0"/>
						<line number="551" hits="0"/>
						<line number="552" hits="0"/>
						<line number="553" hits="0"/>
						<line number="560" hits="0"/>
						<line number="561" hits="0"/>
						<line number="562" hits="0"/>
						<line number="563" hits="0"/>
						<line number="564" hits="0"/>
						<line number="565" hits="0"/>
						<line number="567" hits="0"/>
						<line number="568" hits="0"/>
						<line number="569" hits="0"/>
						<line number="575" hits="0"/>
						<line number="576" hits="0"/>
						<line number="577" hits="0"/>
						<line number="583" hits="0"/>
						<line number="588" hits="1"/>
						<line number="589" hits="1"/>
						<line number="597" hits="0"/>
						<line number="598" hits="0"/>
						<line number="599" hits="0"/>
						<line number="600" hits="0"/>
						<line number="601" hits="0"/>
						<line number="603" hits="0"/>
						<line number="605" hits="0"/>
						<line number="607" hits="0"/>
						<line number="608" hits="0"/>
						<line number="610" hits="1"/>
						<line number="611" hits="1"/>
						<line number="618" hits="0"/>
						<line number="619" hits="0"/>
						<line number="620" hits="0"/>
						<line number="621" hits="0"/>
						<line number="622" hits="0"/>
						<line number="624" hits="0"/>
						<line number="626" hits="0"/>
						<line number="628" hits="0"/>
						<line number="629" hits="0"/>
						<line number="631" hits="1"/>
						<line number="647" hits="0"/>
						<line number="648" hits="0"/>
						<line number="649" hits="0"/>
						<line number="651" hits="0"/>
						<line number="652" hits="0"/>
						<line number="653" hits="0"/>
						<line number="654" hits="0"/>
						<line number="656" hits="0"/>
						<line number="657" hits="0"/>
						<line number="659" hits="0"/>
						<line number="661" hits="0"/>
						<line number="662" hits="0"/>
						<line number="664" hits="0"/>
						<line number="665" hits="0"/>
						<line number="666" hits="0"/>
						<line number="668" hits="0"/>
						<line number="669" hits="0"/>
						<line number="670" hits="0"/>
						<line number="672" hits="1"/>
						<line number="674" hits="0"/>
						<line number="676" hits="1"/>
						<line number="678" hits="0"/>
						<line number="680" hits="1"/>
						<line number="688" hits="0"/>
						<line number="690" hits="1"/>
						<line number="697" hits="0"/>
						<line number="698" hits="0"/>
						<line number="700" hits="0"/>
						<line number="701" hits="0"/>
						<line number="704" hits="0"/>
						<line number="705" hits="0"/>
						<line number="706" hits="0"/>
						<line number="707" hits="0"/>
						<line number="708" hits="0"/>
						<line number="710" hits="0"/>
						<line number="711" hits="0"/>
						<line number="712" hits="0"/>
						<line number="713" hits="0"/>
						<line number="714" hits="0"/>
						<line number="715" hits="0"/>
						<line number="717" hits="0"/>
						<line number="718" hits="0"/>
						<line number="719" hits="0"/>
						<line number="721" hits="0"/>
						<line number="722" hits="0"/>
						<line number="723" hits="0"/>
						<line number="724" hits="0"/>
						<line number="727" hits="0"/>
						<line number="728" hits="0"/>
						<line number="729" hits="0"/>
						<line number="730" hits="0"/>
						<line number="731" hits="0"/>
						<line number="733" hits="0"/>
						<line number="734" hits="0"/>
						<line number="735" hits="0"/>
						<line number="736" hits="0"/>
						<line number="737" hits="0"/>
						<line number="738" hits="0"/>
						<line number="740" hits="0"/>
						<line number="741" hits="0"/>
						<line number="742" hits="0"/>
						<line number="744" hits="0"/>
						<line number="745" hits="0"/>
						<line number="746" hits="0"/>
						<line number="747" hits="0"/>
						<line number="749" hits="0"/>
						<line number="751" hits="1"/>
						<line number="753" hits="0"/>
						<line number="754" hits="0"/>
						<line number="755" hits="0"/>
						<line number="756" hits="0"/>
						<line number="757" hits="0"/>
						<line number="758" hits="0"/>
						<line number="759" hits="0"/>
						<line number="760" hits="0"/>
						<line number="761" hits="0"/>
						<line number="762" hits="0"/>
						<line number="763" hits="0"/>
						<line number="765" hits="1"/>
						<line number="784" hits="0"/>
						<line number="785" hits="0"/>
						<line number="788" hits="0"/>
						<line number="812" hits="0"/>
						<line number="813" hits="0"/>
						<line number="814" hits="0"/>
						<line number="815" hits="0"/>
						<line number="817" hits="0"/>
						<line number="819" hits="0"/>
						<line number="820" hits="0"/>
						<line number="821" hits="0"/>
						<line number="823" hits="0"/>
						<line number="824" hits="0"/>
						<line number="825" hits="0"/>
						<line number="826" hits="0"/>
						<line number="829" hits="0"/>
						<line number="832" hits="0"/>
						<line number="833" hits="0"/>
						<line number="835" hits="0"/>
						<line number="837" hits="0"/>
						<line number="838" hits="0"/>
						<line number="839" hits="0"/>
						<line number="840" hits="0"/>
						<line number="841" hits="0"/>
						<line number="842" hits="0"/>
						<line number="843" hits="0"/>
						<line number="845" hits="0"/>
						<line number="846" hits="0"/>
						<line number="849" hits="0"/>
						<line number="850" hits="0"/>
						<line number="851" hits="0"/>
						<line number="854" hits="0"/>
						<line number="855" hits="0"/>
						<line number="856" hits="0"/>
						<line number="858" hits="0"/>
						<line number="859" hits="0"/>
						<line number="861" hits="0"/>
						<line number="863" hits="0"/>
						<line number="864" hits="0"/>
						<line number="865" hits="0"/>
						<line number="866" hits="0"/>
						<line number="867" hits="0"/>
						<line number="868" hits="0"/>
						<line number="869" hits="0"/>
						<line number="871" hits="0"/>
						<line number="872" hits="0"/>
						<line number="875" hits="0"/>
						<line number="876" hits="0"/>
						<line number="877" hits="0"/>
						<line number="880" hits="0"/>
						<line number="881" hits="0"/>
						<line number="882" hits="0"/>
						<line number="884" hits="0"/>
						<line number="885" hits="0"/>
						<line number="887" hits="0"/>
						<line number="889" hits="0"/>
						<line number="890" hits="0"/>
						<line number="892" hits="0"/>
						<line number="895" hits="0"/>
						<line number="896" hits="0"/>
						<line number="898" hits="0"/>
						<line number="901" hits="0"/>
						<line number="903" hits="0"/>
						<line number="905" hits="0"/>
						<line number="907" hits="1"/>
						<line number="918" hits="0"/>
						<line number="919" hits="0"/>
						<line number="920" hits="0"/>
						<line number="921" hits="0"/>
						<line number="922" hits="0"/>
						<line number="923" hits="0"/>
						<line number="925" hits="0"/>
						<line number="927" hits="0"/>
						<line number="928" hits="0"/>
						<line number="929" hits="0"/>
						<line number="931" hits="0"/>
						<line number="932" hits="0"/>
						<line number="933" hits="0"/>
						<line number="934" hits="0"/>
						<line number="937" hits="0"/>
						<line number="940" hits="0"/>
						<line number="941" hits="0"/>
						<line number="943" hits="0"/>
						<line number="945" hits="0"/>
						<line number="946" hits="0"/>
						<line number="947" hits="0"/>
						<line number="948" hits="0"/>
						<line number="949" hits="0"/>
						<line number="950" hits="0"/>
						<line number="951" hits="0"/>
						<line number="953" hits="0"/>
						<line number="954" hits="0"/>
						<line number="957" hits="0"/>
						<line number="958" hits="0"/>
						<line number="959" hits="0"/>
						<line number="962" hits="0"/>
						<line number="963" hits="0"/>
						<line number="964" hits="0"/>
						<line number="966" hits="0"/>
						<line number="967" hits="0"/>
						<line number="969" hits="0"/>
						<line number="971" hits="0"/>
						<line number="972" hits="0"/>
						<line number="973" hits="0"/>
						<line number="974" hits="0"/>
						<line number="975" hits="0"/>
						<line number="976" hits="0"/>
						<line number="977" hits="0"/>
						<line number="979" hits="0"/>
						<line number="980" hits="0"/>
						<line number="983" hits="0"/>
						<line number="984" hits="0"/>
						<line number="985" hits="0"/>
						<line number="988" hits="0"/>
						<line number="989" hits="0"/>
						<line number="990" hits="0"/>
						<line number="992" hits="0"/>
						<line number="993" hits="0"/>
						<line number="995" hits="0"/>
						<line number="998" hits="0"/>
						<line number="1000" hits="0"/>
						<line number="1002" hits="0"/>
						<line number="1004" hits="1"/>
						<line number="1015" hits="0"/>
						<line number="1016" hits="0"/>
						<line number="1017" hits="0"/>
						<line number="1019" hits="0"/>
						<line number="1022" hits="0"/>
						<line number="1023" hits="0"/>
						<line number="1026" hits="0"/>
						<line number="1027" hits="0"/>
						<line number="1028" hits="0"/>
						<line number="1029" hits="0"/>
						<line number="1030" hits="0"/>
						<line number="1033" hits="0"/>
						<line number="1034" hits="0"/>
						<line number="1035" hits="0"/>
						<line number="1038" hits="0"/>
						<line number="1039" hits="0"/>
						<line number="1040" hits="0"/>
						<line number="1043" hits="0"/>
						<line number="1044" hits="0"/>
						<line number="1045" hits="0"/>
						<line number="1048" hits="0"/>
						<line number="1049" hits="0"/>
						<line number="1050" hits="0"/>
						<line number="1053" hits="0"/>
						<line number="1055" hits="1"/>
						<line number="1073" hits="0"/>
						<line number="1076" hits="0"/>
						<line number="1079" hits="0"/>
						<line number="1080" hits="0"/>
						<line number="1081" hits="0"/>
						<line number="1084" hits="0"/>
						<line number="1085" hits="0"/>
						<line number="1086" hits="0"/>
						<line number="1088" hits="0"/>
						<line number="1096" hits="0"/>
						<line number="1097" hits="0"/>
						<line number="1098" hits="0"/>
						<line number="1099" hits="0"/>
						<line number="1100" hits="0"/>
						<line number="1102" hits="0"/>
						<line number="1103" hits="0"/>
						<line number="1104" hits="0"/>
						<line number="1105" hits="0"/>
						<line number="1106" hits="0"/>
						<line number="1107" hits="0"/>
						<line number="1108" hits="0"/>
						<line number="1109" hits="0"/>
						<line number="1111" hits="0"/>
						<line number="1112" hits="0"/>
						<line number="1113" hits="0"/>
						<line number="1116" hits="0"/>
						<line number="1117" hits="0"/>
						<line number="1118" hits="0"/>
						<line number="1119" hits="0"/>
						<line number="1120" hits="0"/>
						<line number="1121" hits="0"/>
						<line number="1122" hits="0"/>
						<line number="1123" hits="0"/>
						<line number="1124" hits="0"/>
						<line number="1127" hits="0"/>
						<line number="1128" hits="0"/>
						<line number="1129" hits="0"/>
						<line number="1132" hits="0"/>
						<line number="1134" hits="0"/>
						<line number="1135" hits="0"/>
						<line number="1136" hits="0"/>
						<line number="1137" hits="0"/>
						<line number="1138" hits="0"/>
						<line number="1141" hits="0"/>
						<line number="1142" hits="0"/>
						<line number="1143" hits="0"/>
						<line number="1144" hits="0"/>
						<line number="1145" hits="0"/>
						<line number="1146" hits="0"/>
						<line number="1149" hits="0"/>
						<line number="1151" hits="0"/>
						<line number="1154" hits="0"/>
						<line number="1155" hits="0"/>
						<line number="1157" hits="0"/>
						<line number="1159" hits="0"/>
						<line number="1160" hits="0"/>
						<line number="1161" hits="0"/>
						<line number="1163" hits="0"/>
						<line number="1164" hits="0"/>
						<line number="1165" hits="0"/>
						<line number="1166" hits="0"/>
						<line number="1167" hits="0"/>
						<line number="1168" hits="0"/>
						<line number="1170" hits="0"/>
						<line number="1172" hits="0"/>
						<line number="1173" hits="0"/>
						<line number="1175" hits="0"/>
						<line number="1176" hits="0"/>
						<line number="1177" hits="0"/>
						<line number="1179" hits="0"/>
						<line number="1180" hits="0"/>
						<line number="1181" hits="0"/>
						<line number="1182" hits="0"/>
						<line number="1183" hits="0"/>
						<line number="1184" hits="0"/>
						<line number="1186" hits="0"/>
						<line number="1188" hits="0"/>
						<line number="1189" hits="0"/>
						<line number="1192" hits="0"/>
						<line number="1193" hits="0"/>
						<line number="1194" hits="0"/>
						<line number="1196" hits="0"/>
						<line number="1197" hits="0"/>
						<line number="1198" hits="0"/>
						<line number="1199" hits="0"/>
						<line number="1200" hits="0"/>
						<line number="1201" hits="0"/>
						<line number="1203" hits="0"/>
						<line number="1205" hits="0"/>
						<line number="1208" hits="0"/>
						<line number="1209" hits="0"/>
						<line number="1210" hits="0"/>
						<line number="1212" hits="0"/>
						<line number="1213" hits="0"/>
						<line number="1214" hits="0"/>
						<line number="1215" hits="0"/>
						<line number="1216" hits="0"/>
						<line number="1217" hits="0"/>
						<line number="1219" hits="0"/>
						<line number="1221" hits="0"/>
						<line number="1224" hits="0"/>
						<line number="1225" hits="0"/>
						<line number="1226" hits="0"/>
						<line number="1227" hits="0"/>
						<line number="1229" hits="0"/>
						<line number="1230" hits="0"/>
						<line number="1232" hits="0"/>
						<line number="1234" hits="1"/>
						<line number="1295" hits="0"/>
						<line number="1298" hits="0"/>
						<line number="1300" hits="0"/>
						<line number="1301" hits="0"/>
						<line number="1302" hits="0"/>
						<line number="1303" hits="0"/>
						<line number="1304" hits="0"/>
						<line number="1306" hits="0"/>
						<line number="1307" hits="0"/>
						<line number="1321" hits="0"/>
						<line number="1322" hits="0"/>
						<line number="1323" hits="0"/>
						<line number="1324" hits="0"/>
						<line number="1325" hits="0"/>
						<line number="1326" hits="0"/>
						<line number="1327" hits="0"/>
						<line number="1328" hits="0"/>
						<line number="1329" hits="0"/>
						<line number="1330" hits="0"/>
						<line number="1331" hits="0"/>
						<line number="1332" hits="0"/>
						<line number="1333" hits="0"/>
						<line number="1334" hits="0"/>
						<line number="1335" hits="0"/>
						<line number="1336" hits="0"/>
						<line number="1338" hits="0"/>
						<line number="1348" hits="1"/>
						<line number="1372" hits="0"/>
						<line number="1373" hits="0"/>
						<line number="1376" hits="0"/>
						<line number="1377" hits="0"/>
						<line number="1378" hits="0"/>
						<line number="1383" hits="0"/>
						<line number="1384" hits="0"/>
						<line number="1385" hits="0"/>
						<line number="1388" hits="0"/>
						<line number="1389" hits="0"/>
						<line number="1390" hits="0"/>
						<line number="1391" hits="0"/>
						<line number="1392" hits="0"/>
						<line number="1393" hits="0"/>
						<line number="1394" hits="0"/>
						<line number="1395" hits="0"/>
						<line number="1397" hits="0"/>
						<line number="1398" hits="0"/>
						<line number="1399" hits="0"/>
						<line number="1400" hits="0"/>
						<line number="1401" hits="0"/>
						<line number="1402" hits="0"/>
						<line number="1403" hits="0"/>
						<line number="1407" hits="0"/>
						<line number="1409" hits="0"/>
						<line number="1410" hits="0"/>
						<line number="1411" hits="0"/>
						<line number="1413" hits="0"/>
						<line number="1414" hits="0"/>
						<line number="1415" hits="0"/>
						<line number="1417" hits="0"/>
						<line number="1418" hits="0"/>
						<line number="1419" hits="0"/>
						<line number="1421" hits="0"/>
						<line number="1422" hits="0"/>
						<line number="1423" hits="0"/>
						<line number="1424" hits="0"/>
						<line number="1426" hits="0"/>
						<line number="1427" hits="0"/>
						<line number="1428" hits="0"/>
						<line number="1429" hits="0"/>
						<line number="1431" hits="0"/>
						<line number="1432" hits="0"/>
						<line number="1433" hits="0"/>
						<line number="1434" hits="0"/>
						<line number="1439" hits="0"/>
						<line number="1440" hits="0"/>
						<line number="1442" hits="0"/>
						<line number="1445" hits="0"/>
						<line number="1446" hits="0"/>
						<line number="1448" hits="0"/>
						<line number="1449" hits="0"/>
						<line number="1451" hits="0"/>
						<line number="1454" hits="0"/>
						<line number="1455" hits="0"/>
						<line number="1457" hits="0"/>
						<line number="1458" hits="0"/>
						<line number="1460" hits="0"/>
						<line number="1463" hits="0"/>
						<line number="1464" hits="0"/>
						<line number="1466" hits="0"/>
						<line number="1468" hits="0"/>
						<line number="1470" hits="0"/>
						<line number="1476" hits="0"/>
						<line number="1477" hits="0"/>
						<line number="1480" hits="0"/>
						<line number="1488" hits="0"/>
						<line number="1490" hits="0"/>
						<line number="1494" hits="0"/>
						<line number="1502" hits="0"/>
						<line number="1503" hits="0"/>
						<line number="1505" hits="0"/>
						<line number="1509" hits="0"/>
						<line number="1510" hits="0"/>
						<line number="1511" hits="0"/>
						<line number="1512" hits="0"/>
						<line number="1513" hits="0"/>
						<line number="1514" hits="0"/>
						<line number="1519" hits="0"/>
						<line number="1520" hits="0"/>
						<line number="1521" hits="0"/>
						<line number="1524" hits="0"/>
						<line number="1525" hits="0"/>
						<line number="1526" hits="0"/>
						<line number="1527" hits="0"/>
						<line number="1528" hits="0"/>
						<line number="1534" hits="0"/>
						<line number="1535" hits="0"/>
						<line number="1536" hits="0"/>
						<line number="1537" hits="0"/>
						<line number="1540" hits="0"/>
						<line number="1543" hits="0"/>
						<line number="1544" hits="0"/>
						<line number="1546" hits="0"/>
						<line number="1550" hits="0"/>
						<line number="1552" hits="0"/>
						<line number="1553" hits="0"/>
						<line number="1554" hits="0"/>
						<line number="1555" hits="0"/>
						<line number="1558" hits="0"/>
						<line number="1564" hits="0"/>
						<line number="1565" hits="0"/>
						<line number="1566" hits="0"/>
						<line number="1569" hits="0"/>
						<line number="1570" hits="0"/>
						<line number="1571" hits="0"/>
						<line number="1572" hits="0"/>
						<line number="1575" hits="0"/>
						<line number="1578" hits="0"/>
						<line number="1579" hits="0"/>
						<line number="1582" hits="0"/>
						<line number="1583" hits="0"/>
						<line number="1586" hits="0"/>
						<line number="1588" hits="0"/>
						<line number="1589" hits="0"/>
						<line number="1590" hits="0"/>
						<line number="1591" hits="0"/>
						<line number="1592" hits="0"/>
						<line number="1595" hits="0"/>
						<line number="1596" hits="0"/>
						<line number="1601" hits="0"/>
						<line number="1602" hits="0"/>
						<line number="1604" hits="0"/>
						<line number="1606" hits="0"/>
						<line number="1607" hits="0"/>
						<line number="1608" hits="0"/>
						<line number="1625" hits="0"/>
						<line number="1643" hits="0"/>
						<line number="1653" hits="0"/>
						<line number="1654" hits="0"/>
						<line number="1655" hits="0"/>
						<line number="1656" hits="0"/>
						<line number="1658" hits="0"/>
						<line number="1659" hits="0"/>
						<line number="1661" hits="0"/>
						<line number="1662" hits="0"/>
						<line number="1663" hits="0"/>
						<line number="1664" hits="0"/>
						<line number="1666" hits="0"/>
						<line number="1667" hits="0"/>
						<line number="1668" hits="0"/>
						<line number="1669" hits="0"/>
						<line number="1671" hits="0"/>
						<line number="1672" hits="0"/>
						<line number="1675" hits="0"/>
						<line number="1676" hits="0"/>
						<line number="1679" hits="0"/>
						<line number="1681" hits="0"/>
						<line number="1682" hits="0"/>
						<line number="1683" hits="0"/>
						<line number="1686" hits="0"/>
						<line number="1687" hits="0"/>
						<line number="1688" hits="0"/>
						<line number="1689" hits="0"/>
						<line number="1690" hits="0"/>
						<line number="1691" hits="0"/>
						<line number="1693" hits="0"/>
						<line number="1701" hits="0"/>
						<line number="1702" hits="0"/>
						<line number="1706" hits="0"/>
						<line number="1708" hits="1"/>
						<line number="1746" hits="0"/>
						<line number="1747" hits="0"/>
						<line number="1749" hits="0"/>
						<line number="1753" hits="0"/>
						<line number="1754" hits="0"/>
						<line number="1755" hits="0"/>
						<line number="1756" hits="0"/>
						<line number="1757" hits="0"/>
						<line number="1758" hits="0"/>
						<line number="1759" hits="0"/>
						<line number="1760" hits="0"/>
						<line number="1761" hits="0"/>
						<line number="1762" hits="0"/>
						<line number="1764" hits="0"/>
						<line number="1765" hits="0"/>
						<line number="1766" hits="0"/>
						<line number="1767" hits="0"/>
						<line number="1768" hits="0"/>
						<line number="1769" hits="0"/>
						<line number="1771" hits="0"/>
						<line number="1772" hits="0"/>
						<line number="1773" hits="0"/>
						<line number="1774" hits="0"/>
						<line number="1775" hits="0"/>
						<line number="1776" hits="0"/>
						<line number="1777" hits="0"/>
						<line number="1778" hits="0"/>
						<line number="1779" hits="0"/>
						<line number="1780" hits="0"/>
						<line number="1782" hits="0"/>
						<line number="1783" hits="0"/>
						<line number="1784" hits="0"/>
						<line number="1785" hits="0"/>
						<line number="1786" hits="0"/>
						<line number="1787" hits="0"/>
						<line number="1789" hits="0"/>
						<line number="1790" hits="0"/>
						<line number="1791" hits="0"/>
						<line number="1792" hits="0"/>
						<line number="1793" hits="0"/>
						<line number="1794" hits="0"/>
						<line number="1795" hits="0"/>
						<line number="1796" hits="0"/>
						<line number="1797" hits="0"/>
						<line number="1800" hits="0"/>
						<line number="1801" hits="0"/>
						<line number="1802" hits="0"/>
						<line number="1803" hits="0"/>
						<line number="1804" hits="0"/>
						<line number="1805" hits="0"/>
						<line number="1807" hits="0"/>
						<line number="1808" hits="0"/>
						<line number="1809" hits="0"/>
						<line number="1810" hits="0"/>
						<line number="1811" hits="0"/>
						<line number="1812" hits="0"/>
						<line number="1814" hits="0"/>
						<line number="1815" hits="0"/>
						<line number="1816" hits="0"/>
						<line number="1817" hits="0"/>
						<line number="1818" hits="0"/>
						<line number="1819" hits="0"/>
						<line number="1824" hits="0"/>
						<line number="1825" hits="0"/>
						<line number="1827" hits="0"/>
						<line number="1830" hits="0"/>
						<line number="1831" hits="0"/>
						<line number="1832" hits="0"/>
						<line number="1833" hits="0"/>
						<line number="1835" hits="0"/>
						<line number="1836" hits="0"/>
						<line number="1838" hits="0"/>
						<line number="1841" hits="0"/>
						<line number="1842" hits="0"/>
						<line number="1843" hits="0"/>
						<line number="1844" hits="0"/>
						<line number="1846" hits="0"/>
						<line number="1847" hits="0"/>
						<line number="1849" hits="0"/>
						<line number="1852" hits="0"/>
						<line number="1853" hits="0"/>
						<line number="1854" hits="0"/>
						<line number="1855" hits="0"/>
						<line number="1858" hits="0"/>
						<line number="1859" hits="0"/>
						<line number="1860" hits="0"/>
						<line number="1861" hits="0"/>
						<line number="1862" hits="0"/>
						<line number="1863" hits="0"/>
						<line number="1864" hits="0"/>
						<line number="1865" hits="0"/>
						<line number="1866" hits="0"/>
						<line number="1867" hits="0"/>
						<line number="1869" hits="0"/>
						<line number="1870" hits="0"/>
						<line number="1871" hits="0"/>
						<line number="1872" hits="0"/>
						<line number="1873" hits="0"/>
						<line number="1874" hits="0"/>
						<line number="1876" hits="0"/>
						<line number="1877" hits="0"/>
						<line number="1878" hits="0"/>
						<line number="1879" hits="0"/>
						<line number="1880" hits="0"/>
						<line number="1881" hits="0"/>
						<line number="1882" hits="0"/>
						<line number="1883" hits="0"/>
						<line number="1884" hits="0"/>
						<line number="1885" hits="0"/>
						<line number="1887" hits="0"/>
						<line number="1888" hits="0"/>
						<line number="1889" hits="0"/>
						<line number="1890" hits="0"/>
						<line number="1891" hits="0"/>
						<line number="1892" hits="0"/>
						<line number="1894" hits="0"/>
						<line number="1895" hits="0"/>
						<line number="1896" hits="0"/>
						<line number="1897" hits="0"/>
						<line number="1898" hits="0"/>
						<line number="1899" hits="0"/>
						<line number="1900" hits="0"/>
						<line number="1901" hits="0"/>
						<line number="1902" hits="0"/>
						<line number="1903" hits="0"/>
						<line number="1905" hits="0"/>
						<line number="1906" hits="0"/>
						<line number="1907" hits="0"/>
						<line number="1908" hits="0"/>
						<line number="1909" hits="0"/>
						<line number="1910" hits="0"/>
						<line number="1913" hits="0"/>
						<line number="1914" hits="0"/>
						<line number="1915" hits="0"/>
						<line number="1916" hits="0"/>
						<line number="1917" hits="0"/>
						<line number="1918" hits="0"/>
						<line number="1920" hits="0"/>
						<line number="1921" hits="0"/>
						<line number="1922" hits="0"/>
						<line number="1923" hits="0"/>
						<line number="1924" hits="0"/>
						<line number="1925" hits="0"/>
						<line number="1927" hits="0"/>
						<line number="1928" hits="0"/>
						<line number="1929" hits="0"/>
						<line number="1930" hits="0"/>
						<line number="1931" hits="0"/>
						<line number="1932" hits="0"/>
						<line number="1937" hits="0"/>
						<line number="1938" hits="0"/>
						<line number="1940" hits="0"/>
						<line number="1943" hits="0"/>
						<line number="1944" hits="0"/>
						<line number="1945" hits="0"/>
						<line number="1946" hits="0"/>
						<line number="1948" hits="0"/>
						<line number="1949" hits="0"/>
						<line number="1951" hits="0"/>
						<line number="1954" hits="0"/>
						<line number="1955" hits="0"/>
						<line number="1956" hits="0"/>
						<line number="1957" hits="0"/>
						<line number="1959" hits="0"/>
						<line number="1960" hits="0"/>
						<line number="1962" hits="0"/>
						<line number="1965" hits="0"/>
						<line number="1966" hits="0"/>
						<line number="1967" hits="0"/>
						<line number="1968" hits="0"/>
						<line number="1970" hits="0"/>
						<line number="1972" hits="0"/>
						<line number="1974" hits="0"/>
						<line number="1980" hits="0"/>
						<line number="1983" hits="0"/>
						<line number="1991" hits="0"/>
						<line number="1995" hits="0"/>
						<line number="2003" hits="0"/>
						<line number="2004" hits="0"/>
						<line number="2007" hits="0"/>
						<line number="2011" hits="0"/>
						<line number="2012" hits="0"/>
						<line number="2013" hits="0"/>
						<line number="2018" hits="0"/>
						<line number="2019" hits="0"/>
						<line number="2020" hits="0"/>
						<line number="2022" hits="0"/>
						<line number="2023" hits="0"/>
						<line number="2028" hits="0"/>
						<line number="2029" hits="0"/>
						<line number="2030" hits="0"/>
						<line number="2031" hits="0"/>
						<line number="2034" hits="0"/>
						<line number="2037" hits="0"/>
						<line number="2038" hits="0"/>
						<line number="2040" hits="0"/>
						<line number="2044" hits="0"/>
						<line number="2046" hits="0"/>
						<line number="2047" hits="0"/>
						<line number="2048" hits="0"/>
						<line number="2049" hits="0"/>
						<line number="2052" hits="0"/>
						<line number="2058" hits="0"/>
						<line number="2059" hits="0"/>
						<line number="2060" hits="0"/>
						<line number="2063" hits="0"/>
						<line number="2064" hits="0"/>
						<line number="2065" hits="0"/>
						<line number="2066" hits="0"/>
						<line number="2069" hits="0"/>
						<line number="2072" hits="0"/>
						<line number="2073" hits="0"/>
						<line number="2076" hits="0"/>
						<line number="2077" hits="0"/>
						<line number="2080" hits="0"/>
						<line number="2082" hits="0"/>
						<line number="2083" hits="0"/>
						<line number="2084" hits="0"/>
						<line number="2085" hits="0"/>
						<line number="2086" hits="0"/>
						<line number="2089" hits="0"/>
						<line number="2090" hits="0"/>
						<line number="2095" hits="0"/>
						<line number="2096" hits="0"/>
						<line number="2098" hits="0"/>
						<line number="2100" hits="0"/>
						<line number="2140" hits="0"/>
						<line number="2141" hits="0"/>
						<line number="2144" hits="0"/>
						<line number="2146" hits="0"/>
						<line number="2147" hits="0"/>
						<line number="2148" hits="0"/>
						<line number="2151" hits="0"/>
						<line number="2152" hits="0"/>
						<line number="2153" hits="0"/>
						<line number="2154" hits="0"/>
						<line number="2155" hits="0"/>
						<line number="2156" hits="0"/>
						<line number="2158" hits="0"/>
						<line number="2166" hits="0"/>
						<line number="2167" hits="0"/>
						<line number="2171" hits="0"/>
						<line number="2173" hits="1"/>
						<line number="2175" hits="0"/>
						<line number="2176" hits="0"/>
						<line number="2177" hits="0"/>
						<line number="2178" hits="0"/>
						<line number="2181" hits="0"/>
						<line number="2182" hits="0"/>
						<line number="2185" hits="0"/>
						<line number="2186" hits="0"/>
						<line number="2187" hits="0"/>
						<line number="2189" hits="0"/>
						<line number="2190" hits="0"/>
						<line number="2192" hits="1"/>
						<line number="2203" hits="0"/>
						<line number="2206" hits="0"/>
						<line number="2212" hits="0"/>
						<line number="2215" hits="0"/>
						<line number="2221" hits="0"/>
						<line number="2224" hits="0"/>
						<line number="2230" hits="0"/>
						<line number="2232" hits="0"/>
						<line number="2234" hits="1"/>
						<line number="2248" hits="0"/>
						<line number="2256" hits="1"/>
						<line number="2266" hits="0"/>
						<line number="2267" hits="0"/>
						<line number="2269" hits="1"/>
						<line number="2276" hits="0"/>
						<line number="2277" hits="0"/>
						<line number="2279" hits="1"/>
						<line number="2290" hits="0"/>
						<line number="2291" hits="0"/>
						<line number="2293" hits="0"/>
						<line number="2294" hits="0"/>
						<line number="2297" hits="0"/>
						<line number="2298" hits="0"/>
						<line number="2300" hits="1"/>
						<line number="2307" hits="0"/>
						<line number="2308" hits="0"/>
						<line number="2309" hits="0"/>
						<line number="2313" hits="1"/>
						<line number="2323" hits="0"/>
					</lines>
				</class>
			</classes>
		</package>
	</packages>
</coverage>
